Flow report for MEDTH
Sun Apr 18 20:24:36 2021
Quartus Prime Version 16.0.0 Build 211 04/27/2016 SJ Lite Edition


---------------------
; Table of Contents ;
---------------------
  1. Legal Notice
  2. Flow Summary
  3. Flow Settings
  4. Flow Non-Default Global Settings
  5. Flow Elapsed Time
  6. Flow OS Summary
  7. Flow Log
  8. Flow Messages
  9. Flow Suppressed Messages



----------------
; Legal Notice ;
----------------
Copyright (C) 1991-2016 Altera Corporation. All rights reserved.
Your use of Altera Corporation's design tools, logic functions 
and other software and tools, and its AMPP partner logic 
functions, and any output files from any of the foregoing 
(including device programming or simulation files), and any 
associated documentation or information are expressly subject 
to the terms and conditions of the Altera Program License 
Subscription Agreement, the Altera Quartus Prime License Agreement,
the Altera MegaCore Function License Agreement, or other 
applicable license agreement, including, without limitation, 
that your use is for the sole purpose of programming logic 
devices manufactured by Altera and sold by Altera or its 
authorized distributors.  Please refer to the applicable 
agreement for further details.



+----------------------------------------------------------------------------------+
; Flow Summary                                                                     ;
+------------------------------------+---------------------------------------------+
; Flow Status                        ; Successful - Sun Apr 18 20:24:36 2021       ;
; Quartus Prime Version              ; 16.0.0 Build 211 04/27/2016 SJ Lite Edition ;
; Revision Name                      ; MEDTH                                       ;
; Top-level Entity Name              ; MEDTH                                       ;
; Family                             ; MAX 10                                      ;
; Device                             ; 10M08SAU169C8G                              ;
; Timing Models                      ; Final                                       ;
; Total logic elements               ; 230 / 8,064 ( 3 % )                         ;
;     Total combinational functions  ; 225 / 8,064 ( 3 % )                         ;
;     Dedicated logic registers      ; 117 / 8,064 ( 1 % )                         ;
; Total registers                    ; 117                                         ;
; Total pins                         ; 4 / 130 ( 3 % )                             ;
; Total virtual pins                 ; 0                                           ;
; Total memory bits                  ; 2,048 / 387,072 ( < 1 % )                   ;
; Embedded Multiplier 9-bit elements ; 0 / 48 ( 0 % )                              ;
; Total PLLs                         ; 1 / 1 ( 100 % )                             ;
; UFM blocks                         ; 0 / 1 ( 0 % )                               ;
; ADC blocks                         ; 0 / 1 ( 0 % )                               ;
+------------------------------------+---------------------------------------------+


+-----------------------------------------+
; Flow Settings                           ;
+-------------------+---------------------+
; Option            ; Setting             ;
+-------------------+---------------------+
; Start date & time ; 04/18/2021 20:23:48 ;
; Main task         ; Compilation         ;
; Revision Name     ; MEDTH               ;
+-------------------+---------------------+


+----------------------------------------------------------------------------------------------------------------------------+
; Flow Non-Default Global Settings                                                                                           ;
+-------------------------------------+---------------------------------------+---------------+-------------+----------------+
; Assignment Name                     ; Value                                 ; Default Value ; Entity Name ; Section Id     ;
+-------------------------------------+---------------------------------------+---------------+-------------+----------------+
; COMPILER_SIGNATURE_ID               ; 83689954564024.161877022815728        ; --            ; --          ; --             ;
; EDA_OUTPUT_DATA_FORMAT              ; Verilog Hdl                           ; --            ; --          ; eda_simulation ;
; EDA_SIMULATION_TOOL                 ; ModelSim-Altera (Verilog)             ; <None>        ; --          ; --             ;
; EDA_TIME_SCALE                      ; 1 ps                                  ; --            ; --          ; eda_simulation ;
; FLOW_ENABLE_POWER_ANALYZER          ; On                                    ; Off           ; --          ; --             ;
; MAX_CORE_JUNCTION_TEMP              ; 85                                    ; --            ; --          ; --             ;
; MIN_CORE_JUNCTION_TEMP              ; 0                                     ; --            ; --          ; --             ;
; OUTPUT_IO_TIMING_FAR_END_VMEAS      ; Half Signal Swing                     ; --            ; --          ; --             ;
; OUTPUT_IO_TIMING_FAR_END_VMEAS      ; Half Signal Swing                     ; --            ; --          ; --             ;
; OUTPUT_IO_TIMING_NEAR_END_VMEAS     ; Half Vccio                            ; --            ; --          ; --             ;
; OUTPUT_IO_TIMING_NEAR_END_VMEAS     ; Half Vccio                            ; --            ; --          ; --             ;
; PARTITION_COLOR                     ; 16764057                              ; --            ; --          ; Top            ;
; PARTITION_FITTER_PRESERVATION_LEVEL ; PLACEMENT_AND_ROUTING                 ; --            ; --          ; Top            ;
; PARTITION_NETLIST_TYPE              ; SOURCE                                ; --            ; --          ; Top            ;
; POWER_BOARD_THERMAL_MODEL           ; None (CONSERVATIVE)                   ; --            ; --          ; --             ;
; POWER_DEFAULT_INPUT_IO_TOGGLE_RATE  ; 12.5 %                                ; 12.5%         ; --          ; --             ;
; POWER_PRESET_COOLING_SOLUTION       ; 23 MM HEAT SINK WITH 200 LFPM AIRFLOW ; --            ; --          ; --             ;
; PROJECT_OUTPUT_DIRECTORY            ; output_files                          ; --            ; --          ; --             ;
+-------------------------------------+---------------------------------------+---------------+-------------+----------------+


+-------------------------------------------------------------------------------------------------------------------------------+
; Flow Elapsed Time                                                                                                             ;
+---------------------------+--------------+-------------------------+---------------------+------------------------------------+
; Module Name               ; Elapsed Time ; Average Processors Used ; Peak Virtual Memory ; Total CPU Time (on all processors) ;
+---------------------------+--------------+-------------------------+---------------------+------------------------------------+
; Analysis & Synthesis      ; 00:00:17     ; 1.0                     ; 5051 MB             ; 00:00:28                           ;
; Fitter                    ; 00:00:12     ; 1.1                     ; 5822 MB             ; 00:00:07                           ;
; Assembler                 ; 00:00:02     ; 1.0                     ; 4892 MB             ; 00:00:01                           ;
; PowerPlay Power Analyzer  ; 00:00:03     ; 1.1                     ; 5040 MB             ; 00:00:02                           ;
; TimeQuest Timing Analyzer ; 00:00:04     ; 1.1                     ; 5031 MB             ; 00:00:03                           ;
; EDA Netlist Writer        ; 00:00:01     ; 1.0                     ; 4873 MB             ; 00:00:01                           ;
; Total                     ; 00:00:39     ; --                      ; --                  ; 00:00:42                           ;
+---------------------------+--------------+-------------------------+---------------------+------------------------------------+


+----------------------------------------------------------------------------------------+
; Flow OS Summary                                                                        ;
+---------------------------+------------------+-----------+------------+----------------+
; Module Name               ; Machine Hostname ; OS Name   ; OS Version ; Processor type ;
+---------------------------+------------------+-----------+------------+----------------+
; Analysis & Synthesis      ; DESKTOP-MU21CF3  ; Windows 8 ; 6.2        ; x86_64         ;
; Fitter                    ; DESKTOP-MU21CF3  ; Windows 8 ; 6.2        ; x86_64         ;
; Assembler                 ; DESKTOP-MU21CF3  ; Windows 8 ; 6.2        ; x86_64         ;
; PowerPlay Power Analyzer  ; DESKTOP-MU21CF3  ; Windows 8 ; 6.2        ; x86_64         ;
; TimeQuest Timing Analyzer ; DESKTOP-MU21CF3  ; Windows 8 ; 6.2        ; x86_64         ;
; EDA Netlist Writer        ; DESKTOP-MU21CF3  ; Windows 8 ; 6.2        ; x86_64         ;
+---------------------------+------------------+-----------+------------+----------------+


------------
; Flow Log ;
------------
quartus_map --read_settings_files=on --write_settings_files=off MEDTH -c MEDTH
quartus_fit --read_settings_files=off --write_settings_files=off MEDTH -c MEDTH
quartus_asm --read_settings_files=off --write_settings_files=off MEDTH -c MEDTH
quartus_pow --read_settings_files=off --write_settings_files=off MEDTH -c MEDTH
quartus_sta MEDTH -c MEDTH
quartus_eda --read_settings_files=off --write_settings_files=off MEDTH -c MEDTH



